<?xml version="1.0" encoding="UTF-8"?>
<!-- Generated by org.testng.reporters.JUnitReportReporter -->
<testsuite skipped="0" hostname="DESKTOP-6HCF8H2" name="com.qa.hubspot.logintest.HomePageTest" tests="3" failures="0" timestamp="04 Dec 2020 19:32:35 GMT" time="57.048" errors="0">
  <testcase name="verifyHomePageTtile" time="25.193" classname="com.qa.hubspot.logintest.HomePageTest"/>
  <testcase name="verifyHomepageHeader" time="15.694" classname="com.qa.hubspot.logintest.HomePageTest"/>
  <testcase name="verifyLoggedInUserTest" time="16.161" classname="com.qa.hubspot.logintest.HomePageTest"/>
</testsuite> <!-- com.qa.hubspot.logintest.HomePageTest -->
