<?xml version="1.0" encoding="UTF-8"?>
<!-- Generated by org.testng.reporters.JUnitReportReporter -->
<testsuite skipped="1" hostname="DESKTOP-6HCF8H2" name="com.qa.hubspot.logintest.LoginPageTest" tests="4" failures="0" timestamp="30 Nov 2020 16:30:10 GMT" time="43.515" errors="0">
  <testcase name="verifyLoginPageTitle" time="13.107" classname="com.qa.hubspot.logintest.LoginPageTest"/>
  <testcase name="verifyForgotPwdTest" time="14.545" classname="com.qa.hubspot.logintest.LoginPageTest"/>
  <testcase name="LoginTest" time="15.863" classname="com.qa.hubspot.logintest.LoginPageTest"/>
  <testcase name="loginInvalidData" classname="com.qa.hubspot.logintest.LoginPageTest">
    <skipped/>
  </testcase> <!-- loginInvalidData -->
</testsuite> <!-- com.qa.hubspot.logintest.LoginPageTest -->
